<?xml version="1.0" encoding="UTF-8"?>
<!-- Generated by org.testng.reporters.JUnitReportReporter -->
<testsuite hostname="GurjeetSushil" failures="0" tests="3" name="OpenWeatherAPI" time="1.394" errors="0" timestamp="2023-06-11T02:29:17 BST" skipped="0">
  <testcase classname="OpenWeatherAPI" name="getLongLat" time="1.157"/>
  <testcase classname="OpenWeatherAPI" name="getLongLat" time="0.232"/>
  <testcase classname="OpenWeatherAPI" name="GetWeather" time="0.005"/>
</testsuite> <!-- OpenWeatherAPI -->
