<?xml version="1.0" encoding="UTF-8"?>
<!-- Generated by org.testng.reporters.JUnitReportReporter -->
<testsuite hostname="GurjeetSushil" failures="0" tests="4" name="OpenWeatherAPI" time="1.975" errors="0" timestamp="2023-06-11T04:16:21 BST" skipped="0">
  <testcase classname="OpenWeatherAPI" name="getLongLat" time="0.173"/>
  <testcase classname="OpenWeatherAPI" name="getLongLat" time="1.541"/>
  <testcase classname="OpenWeatherAPI" name="getLongLat" time="0.254"/>
  <testcase classname="OpenWeatherAPI" name="GetWeather" time="0.007"/>
</testsuite> <!-- OpenWeatherAPI -->
