<?xml version="1.0" encoding="UTF-8"?>
<!-- Generated by org.testng.reporters.JUnitReportReporter -->
<testsuite hostname="GurjeetSushil" failures="0" tests="3" name="OpenWeatherAPI" time="1.844" errors="0" timestamp="2023-06-11T22:34:58 BST" skipped="0">
  <testcase classname="OpenWeatherAPI" name="getLongLat" time="0.216"/>
  <testcase classname="OpenWeatherAPI" name="getLongLat" time="1.349"/>
  <testcase classname="OpenWeatherAPI" name="getLongLat" time="0.279"/>
</testsuite> <!-- OpenWeatherAPI -->
